<?xml version="1.0" encoding="UTF-8"?>
<!-- Generated by org.testng.reporters.JUnitXMLReporter -->
<testsuite hostname="ADMIN-PC" ignored="0" name="Default test" tests="6" failures="0" timestamp="02 Jun 2019 05:08:49 GMT" time="15.719" errors="0">
  <testcase name="loginToFreeCRM" time="1.255" classname="PageObjectModelPractice_TestScenarios.FreeCRM_loginTest"/>
  <testcase name="loginToFreeCRM" time="0.851" classname="PageObjectModelPractice_TestScenarios.FreeCRM_loginTest"/>
  <testcase name="loginToFreeCRM" time="0.845" classname="PageObjectModelPractice_TestScenarios.FreeCRM_loginTest"/>
  <testcase name="loginToFreeCRM" time="0.833" classname="PageObjectModelPractice_TestScenarios.FreeCRM_loginTest"/>
  <testcase name="loginToFreeCRM" time="0.803" classname="PageObjectModelPractice_TestScenarios.FreeCRM_loginTest"/>
  <testcase name="loginToFreeCRM" time="0.801" classname="PageObjectModelPractice_TestScenarios.FreeCRM_loginTest"/>
</testsuite> <!-- Default test -->
