<?xml version="1.0" encoding="UTF-8"?>
<!-- Generated by org.testng.reporters.JUnitXMLReporter -->
<testsuite hostname="ADMIN-PC" ignored="1" name="Test" tests="7" failures="0" timestamp="25 May 2019 08:55:08 GMT" time="26.728" errors="0">
  <testcase name="@BeforeMethod CRMpreCondition" time="0.0" classname="PageObjectModelPractice_TestScenarios.FreeCRM_homeTest">
    <failure type="java.lang.NullPointerException">
      <![CDATA[java.lang.NullPointerException
at PageObjectModelPractice_TestScenarios.FreeCRM_homeTest.CRMpreCondition(FreeCRM_homeTest.java:15)
... Removed 28 stack frames]]>
    </failure>
  </testcase> <!-- @BeforeMethod CRMpreCondition -->
  <testcase name="loginToFreeCRM" time="1.892" classname="PageObjectModelPractice_TestScenarios.FreeCRM_loginTest"/>
  <testcase name="loginToFreeCRM" time="1.048" classname="PageObjectModelPractice_TestScenarios.FreeCRM_loginTest"/>
  <testcase name="loginToFreeCRM" time="1.043" classname="PageObjectModelPractice_TestScenarios.FreeCRM_loginTest"/>
  <testcase name="loginToFreeCRM" time="0.892" classname="PageObjectModelPractice_TestScenarios.FreeCRM_loginTest"/>
  <testcase name="loginToFreeCRM" time="1.118" classname="PageObjectModelPractice_TestScenarios.FreeCRM_loginTest"/>
  <testcase name="loginToFreeCRM" time="0.943" classname="PageObjectModelPractice_TestScenarios.FreeCRM_loginTest"/>
  <testcase name="companyTest" time="0.0" classname="PageObjectModelPractice_TestScenarios.FreeCRM_homeTest">
    <skipped/>
  </testcase> <!-- companyTest -->
  <testcase name="@BeforeTest invokeBrowser" time="0.0" classname="FreeCRM_Base.baseTest">
    <ignored/>
  </testcase> <!-- @BeforeTest invokeBrowser -->
</testsuite> <!-- Test -->
